INFO:     Will watch for changes in these directories: ['/home/azad/Synaris-OS/backend']
INFO:     Uvicorn running on http://0.0.0.0:8000 (Press CTRL+C to quit)
INFO:     Started reloader process [68229] using StatReload
INFO:     Started server process [68233]
INFO:     Waiting for application startup.
[2m2026-07-20T07:07:47.787736Z[0m [[32m[1minfo     [0m] [1mSynaris starting up...        [0m [36menvironment[0m=[35mdevelopment[0m
2026-07-20 12:37:47,791 INFO sqlalchemy.engine.Engine BEGIN (implicit)
2026-07-20 12:37:47,791 INFO sqlalchemy.engine.Engine PRAGMA main.table_info("users")
2026-07-20 12:37:47,791 INFO sqlalchemy.engine.Engine [raw sql] ()
2026-07-20 12:37:47,793 INFO sqlalchemy.engine.Engine PRAGMA main.table_info("learning_sessions")
2026-07-20 12:37:47,793 INFO sqlalchemy.engine.Engine [raw sql] ()
2026-07-20 12:37:47,794 INFO sqlalchemy.engine.Engine PRAGMA main.table_info("messages")
2026-07-20 12:37:47,794 INFO sqlalchemy.engine.Engine [raw sql] ()
2026-07-20 12:37:47,795 INFO sqlalchemy.engine.Engine PRAGMA main.table_info("concept_mastery")
2026-07-20 12:37:47,795 INFO sqlalchemy.engine.Engine [raw sql] ()
2026-07-20 12:37:47,796 INFO sqlalchemy.engine.Engine COMMIT
[2m2026-07-20T07:07:47.797637Z[0m [[32m[1minfo     [0m] [1mDatabase initialized          [0m [36mtables[0m=[35m['users', 'learning_sessions', 'messages', 'concept_mastery'][0m
INFO:     Application startup complete.
INFO:     Shutting down
INFO:     Waiting for application shutdown.
[2m2026-07-20T07:08:13.012115Z[0m [[32m[1minfo     [0m] [1mSynaris shutting down...      [0m
[2m2026-07-20T07:08:13.017799Z[0m [[32m[1minfo     [0m] [1mDatabase connections closed   [0m
INFO:     Application shutdown complete.
INFO:     Finished server process [68233]
INFO:     Stopping reloader process [68229]
